

***********************************************************************
Fatal NI connect error 12504, connecting to:
 (DESCRIPTION=(CONNECT_DATA=(SERVICE_NAME=)(CID=(PROGRAM=C:\Program Files\Borland\BDS\3.0\Bin\bds.exe)(HOST=CHIAHAONB)(USER=pgdennis)))(ADDRESS=(PROTOCOL=TCP)(HOST=10.40.200.10)(PORT=1521)))

  VERSION INFORMATION:
	TNS for 32-bit Windows: Version 10.2.0.1.0 - Production
	Windows NT TCP/IP NT Protocol Adapter for 32-bit Windows: Version 10.2.0.1.0 - Production
  Time: 08- for 32-bit Windows: Version 10.2.0.1.0 - Production
	Windows NT TCP/IP NT Protocol Adapter for 32-bit Windows: Version 10.2.0.1.0 - Production

  Tracing not turned on.
  Tns error struct:
    ns main err code: 12564
    TNS-12564: TNS:連線被拒
    ns secondary err code: 0
    nt main err code: 0
    nt secondary err code: 0
    nt OS err code: 0


***********************************************************************
Fatal NI connect error 12504, connecting to:
 (DESCRIPTION=(CONNECT_DATA=(SERVICE_NAME=)(CID=(PROGRAM=C:\Program Files\Borland\BDS\3.0\Bin\bds.exe)(HOST=CHIAHAONB)(USER=pgdennis)))(ADDRESS=(PROTOCOL=TCP)(HOST=10.40.200.10)(PORT=1521)))

  VERSION INFORMATION:
	TNS for 32-bit Windows: Version 10.2.0.1.0 - Production
	Windows NT TCP/IP NT Protocol Adapter for 32-bit Windows: Version 10.2.0.1.0 - Production
  Time: 08- for 32-bit Windows: Version 10.2.0.1.0 - Production
	Windows NT TCP/IP NT Protocol Adapter for 32-bit Windows: Version 10.2.0.1.0 - Production

  Tracing not turned on.
  Tns error struct:
    ns main err code: 12564
    TNS-12564: TNS:連線被拒
    ns secondary err code: 0
    nt main err code: 0
    nt secondary err code: 0
    nt OS err code: 0


***********************************************************************
Fatal NI connect error 12504, connecting to:
 (DESCRIPTION=(CONNECT_DATA=(SERVICE_NAME=)(CID=(PROGRAM=C:\Program Files\Borland\BDS\3.0\Bin\bds.exe)(HOST=CHIAHAONB)(USER=pgdennis)))(ADDRESS=(PROTOCOL=TCP)(HOST=10.40.200.10)(PORT=1521)))

  VERSION INFORMATION:
	TNS for 32-bit Windows: Version 10.2.0.1.0 - Production
	Windows NT TCP/IP NT Protocol Adapter for 32-bit Windows: Version 10.2.0.1.0 - Production
  Time: 08- for 32-bit Windows: Version 10.2.0.1.0 - Production
	Windows NT TCP/IP NT Protocol Adapter for 32-bit Windows: Version 10.2.0.1.0 - Production

  Tracing not turned on.
  Tns error struct:
    ns main err code: 12564
    TNS-12564: TNS:連線被拒
    ns secondary err code: 0
    nt main err code: 0
    nt secondary err code: 0
    nt OS err code: 0


***********************************************************************
Fatal NI connect error 12504, connecting to:
 (DESCRIPTION=(CONNECT_DATA=(SERVICE_NAME=)(CID=(PROGRAM=C:\Program Files\Borland\BDS\3.0\Bin\bds.exe)(HOST=CHIAHAONB)(USER=pgdennis)))(ADDRESS=(PROTOCOL=TCP)(HOST=10.40.200.10)(PORT=1521)))

  VERSION INFORMATION:
	TNS for 32-bit Windows: Version 10.2.0.1.0 - Production
	Windows NT TCP/IP NT Protocol Adapter for 32-bit Windows: Version 10.2.0.1.0 - Production
  Time: 08- for 32-bit Windows: Version 10.2.0.1.0 - Production
	Windows NT TCP/IP NT Protocol Adapter for 32-bit Windows: Version 10.2.0.1.0 - Production

  Tracing not turned on.
  Tns error struct:
    ns main err code: 12564
    TNS-12564: TNS:連線被拒
    ns secondary err code: 0
    nt main err code: 0
    nt secondary err code: 0
    nt OS err code: 0
